<?xml version="1.0" encoding="UTF-8"?>
<testsuite name="com.dam.gestionalmacendam.MainTest" tests="1" skipped="0" failures="0" errors="0" timestamp="2022-05-09T11:53:25" hostname="LAPTOP-PCJHCQLL" time="0.009">
  <properties/>
  <testcase name="trueIsTrue()" classname="com.dam.gestionalmacendam.MainTest" time="0.009"/>
  <system-out><![CDATA[]]></system-out>
  <system-err><![CDATA[]]></system-err>
</testsuite>
